#
# There is insufficient memory for the Java Runtime Environment to continue.
# Native memory allocation (malloc) failed to allocate 838672 bytes for Chunk::new
# Possible reasons:
#   The system is out of physical RAM or swap space
#   In 32 bit mode, the process size limit was hit
# Possible solutions:
#   Reduce memory load on the system
#   Increase physical memory or swap space
#   Check if swap backing store is full
#   Use 64 bit Java on a 64 bit OS
#   Decrease Java heap size (-Xmx/-Xms)
#   Decrease number of Java threads
#   Decrease Java thread stack sizes (-Xss)
#   Set larger code cache with -XX:ReservedCodeCacheSize=
# This output file may be truncated or incomplete.
#
#  Out of Memory Error (allocation.cpp:390), pid=6156, tid=0x00000000000016a8
#
# JRE version: Java(TM) SE Runtime Environment (8.0_92-b14) (build 1.8.0_92-b14)
# Java VM: Java HotSpot(TM) 64-Bit Server VM (25.92-b14 mixed mode windows-amd64 compressed oops)
# Failed to write core dump. Minidumps are not enabled by default on client versions of Windows
#

---------------  T H R E A D  ---------------

Current thread (0x00000000075db800):  JavaThread "C2 CompilerThread1" daemon [_thread_in_native, id=5800, stack(0x0000000007ee0000,0x0000000007fe0000)]

Stack: [0x0000000007ee0000,0x0000000007fe0000]
[error occurred during error reporting (printing stack bounds), id 0xc0000005]

Native frames: (J=compiled Java code, j=interpreted, Vv=VM code, C=native code)


Current CompileTask:
C2:   7470 1840   !   4       com.android.dx.cf.code.BytecodeArray::parseInstruction (2764 bytes)


---------------  P R O C E S S  ---------------

Java Threads: ( => current thread )
  0x00000000075f4800 JavaThread "Service Thread" daemon [_thread_blocked, id=7148, stack(0x0000000008040000,0x0000000008140000)]
  0x00000000075e7800 JavaThread "C1 CompilerThread2" daemon [_thread_blocked, id=6404, stack(0x00000000079d0000,0x0000000007ad0000)]
=>0x00000000075db800 JavaThread "C2 CompilerThread1" daemon [_thread_in_native, id=5800, stack(0x0000000007ee0000,0x0000000007fe0000)]
  0x00000000075da800 JavaThread "C2 CompilerThread0" daemon [_thread_in_native, id=5692, stack(0x0000000007200000,0x0000000007300000)]
  0x000000000637e800 JavaThread "Attach Listener" daemon [_thread_blocked, id=6100, stack(0x0000000007c00000,0x0000000007d00000)]
  0x000000000637c800 JavaThread "Signal Dispatcher" daemon [_thread_blocked, id=6684, stack(0x0000000007ad0000,0x0000000007bd0000)]
  0x0000000006359800 JavaThread "Finalizer" daemon [_thread_blocked, id=6744, stack(0x00000000074d0000,0x00000000075d0000)]
  0x0000000006312800 JavaThread "Reference Handler" daemon [_thread_blocked, id=6732, stack(0x0000000007370000,0x0000000007470000)]
  0x000000000266e800 JavaThread "main" [_thread_in_Java, id=5820, stack(0x0000000002850000,0x0000000002950000)]

Other Threads:
  0x000000000630b000 VMThread [stack: 0x0000000007090000,0x0000000007190000] [id=6592]
  0x0000000007661000 WatcherThread [stack: 0x0000000007db0000,0x0000000007eb0000] [id=6408]

VM state:not at safepoint (normal execution)

VM Mutex/Monitor currently owned by a thread: None

Heap:
 PSYoungGen      total 58368K, used 47814K [0x00000000eab00000, 0x00000000f1d00000, 0x0000000100000000)
  eden space 54272K, 80% used [0x00000000eab00000,0x00000000ed5b6050,0x00000000ee000000)
  from space 4096K, 99% used [0x00000000ee000000,0x00000000ee3fbb48,0x00000000ee400000)
  to   space 4096K, 0% used [0x00000000f1900000,0x00000000f1900000,0x00000000f1d00000)
 ParOldGen       total 71168K, used 12911K [0x00000000c0000000, 0x00000000c4580000, 0x00000000eab00000)
  object space 71168K, 18% used [0x00000000c0000000,0x00000000c0c9bd08,0x00000000c4580000)
 Metaspace       used 6692K, capacity 7480K, committed 7680K, reserved 1056768K
  class space    used 631K, capacity 688K, committed 768K, reserved 1048576K

Card table byte_map: [0x0000000002d10000,0x0000000002f20000] byte_map_base: 0x0000000002710000

Marking Bits: (ParMarkBitMap*) 0x000000005bdc64f0
 Begin Bits: [0x0000000003780000, 0x0000000004780000)
 End Bits:   [0x0000000004780000, 0x0000000005780000)

Polling page: 0x0000000000370000

CodeCache: size=245760Kb used=8797Kb max_used=8797Kb free=236962Kb
 bounds [0x000000000f010000, 0x000000000f8b0000, 0x000000001e010000]
 total_blobs=2404 nmethods=2130 adapters=185
 compilation: disabled (not enough contiguous free space left)

Compilation events (10 events):
Event: 7.380 Thread 0x00000000075e7800 2165       2       com.android.dx.util.ByteArrayAnnotatedOutput::<init> (8 bytes)
Event: 7.380 Thread 0x00000000075e7800 nmethod 2165 0x000000000f8adcd0 code [0x000000000f8ade40, 0x000000000f8ae048]
Event: 7.380 Thread 0x00000000075e7800 2166       2       com.android.dx.util.ByteArrayAnnotatedOutput::toByteArray (23 bytes)
Event: 7.380 Thread 0x00000000075e7800 nmethod 2166 0x000000000f8ae110 code [0x000000000f8ae280, 0x000000000f8ae508]
Event: 7.381 Thread 0x00000000075e7800 2167   !   2       com.android.dx.dex.file.DebugInfoItem::place0 (60 bytes)
Event: 7.381 Thread 0x00000000075e7800 nmethod 2167 0x000000000f8ae5d0 code [0x000000000f8ae7a0, 0x000000000f8aebe8]
Event: 7.381 Thread 0x00000000075e7800 2168       2       com.android.dx.dex.file.DebugInfoItem::encode (16 bytes)
Event: 7.382 Thread 0x00000000075e7800 nmethod 2168 0x000000000f8aef90 code [0x000000000f8af100, 0x000000000f8af268]
Event: 7.382 Thread 0x00000000075e7800 2171       2       com.android.dx.dex.file.DebugInfoEncoder::extractMethodArguments (132 bytes)
Event: 7.385 Thread 0x00000000075e7800 


GC Heap History (6 events):
Event: 2.774 GC heap before
{Heap before GC invocations=1 (full 0):
 PSYoungGen      total 31232K, used 27136K [0x00000000eab00000, 0x00000000ecd80000, 0x0000000100000000)
  eden space 27136K, 100% used [0x00000000eab00000,0x00000000ec580000,0x00000000ec580000)
  from space 4096K, 0% used [0x00000000ec980000,0x00000000ec980000,0x00000000ecd80000)
  to   space 4096K, 0% used [0x00000000ec580000,0x00000000ec580000,0x00000000ec980000)
 ParOldGen       total 71168K, used 0K [0x00000000c0000000, 0x00000000c4580000, 0x00000000eab00000)
  object space 71168K, 0% used [0x00000000c0000000,0x00000000c0000000,0x00000000c4580000)
 Metaspace       used 5963K, capacity 6834K, committed 7040K, reserved 1056768K
  class space    used 603K, capacity 618K, committed 640K, reserved 1048576K
Event: 3.024 GC heap after
Heap after GC invocations=1 (full 0):
 PSYoungGen      total 31232K, used 4064K [0x00000000eab00000, 0x00000000ee800000, 0x0000000100000000)
  eden space 27136K, 0% used [0x00000000eab00000,0x00000000eab00000,0x00000000ec580000)
  from space 4096K, 99% used [0x00000000ec580000,0x00000000ec9780d8,0x00000000ec980000)
  to   space 4096K, 0% used [0x00000000ee400000,0x00000000ee400000,0x00000000ee800000)
 ParOldGen       total 71168K, used 1299K [0x00000000c0000000, 0x00000000c4580000, 0x00000000eab00000)
  object space 71168K, 1% used [0x00000000c0000000,0x00000000c0144ff0,0x00000000c4580000)
 Metaspace       used 5963K, capacity 6834K, committed 7040K, reserved 1056768K
  class space    used 603K, capacity 618K, committed 640K, reserved 1048576K
}
Event: 4.617 GC heap before
{Heap before GC invocations=2 (full 0):
 PSYoungGen      total 31232K, used 31200K [0x00000000eab00000, 0x00000000ee800000, 0x0000000100000000)
  eden space 27136K, 100% used [0x00000000eab00000,0x00000000ec580000,0x00000000ec580000)
  from space 4096K, 99% used [0x00000000ec580000,0x00000000ec9780d8,0x00000000ec980000)
  to   space 4096K, 0% used [0x00000000ee400000,0x00000000ee400000,0x00000000ee800000)
 ParOldGen       total 71168K, used 1299K [0x00000000c0000000, 0x00000000c4580000, 0x00000000eab00000)
  object space 71168K, 1% used [0x00000000c0000000,0x00000000c0144ff0,0x00000000c4580000)
 Metaspace       used 6157K, capacity 7030K, committed 7296K, reserved 1056768K
  class space    used 608K, capacity 622K, committed 640K, reserved 1048576K
Event: 4.759 GC heap after
Heap after GC invocations=2 (full 0):
 PSYoungGen      total 58368K, used 4094K [0x00000000eab00000, 0x00000000ee800000, 0x0000000100000000)
  eden space 54272K, 0% used [0x00000000eab00000,0x00000000eab00000,0x00000000ee000000)
  from space 4096K, 99% used [0x00000000ee400000,0x00000000ee7ffaf8,0x00000000ee800000)
  to   space 4096K, 0% used [0x00000000ee000000,0x00000000ee000000,0x00000000ee400000)
 ParOldGen       total 71168K, used 4906K [0x00000000c0000000, 0x00000000c4580000, 0x00000000eab00000)
  object space 71168K, 6% used [0x00000000c0000000,0x00000000c04caa80,0x00000000c4580000)
 Metaspace       used 6157K, capacity 7030K, committed 7296K, reserved 1056768K
  class space    used 608K, capacity 622K, committed 640K, reserved 1048576K
}
Event: 6.752 GC heap before
{Heap before GC invocations=3 (full 0):
 PSYoungGen      total 58368K, used 58366K [0x00000000eab00000, 0x00000000ee800000, 0x0000000100000000)
  eden space 54272K, 100% used [0x00000000eab00000,0x00000000ee000000,0x00000000ee000000)
  from space 4096K, 99% used [0x00000000ee400000,0x00000000ee7ffaf8,0x00000000ee800000)
  to   space 4096K, 0% used [0x00000000ee000000,0x00000000ee000000,0x00000000ee400000)
 ParOldGen       total 71168K, used 4906K [0x00000000c0000000, 0x00000000c4580000, 0x00000000eab00000)
  object space 71168K, 6% used [0x00000000c0000000,0x00000000c04caa80,0x00000000c4580000)
 Metaspace       used 6286K, capacity 7094K, committed 7296K, reserved 1056768K
  class space    used 608K, capacity 622K, committed 640K, reserved 1048576K
Event: 6.775 GC heap after
Heap after GC invocations=3 (full 0):
 PSYoungGen      total 58368K, used 4078K [0x00000000eab00000, 0x00000000f1d00000, 0x0000000100000000)
  eden space 54272K, 0% used [0x00000000eab00000,0x00000000eab00000,0x00000000ee000000)
  from space 4096K, 99% used [0x00000000ee000000,0x00000000ee3fbb48,0x00000000ee400000)
  to   space 4096K, 0% used [0x00000000f1900000,0x00000000f1900000,0x00000000f1d00000)
 ParOldGen       total 71168K, used 12911K [0x00000000c0000000, 0x00000000c4580000, 0x00000000eab00000)
  object space 71168K, 18% used [0x00000000c0000000,0x00000000c0c9bd08,0x00000000c4580000)
 Metaspace       used 6286K, capacity 7094K, committed 7296K, reserved 1056768K
  class space    used 608K, capacity 622K, committed 640K, reserved 1048576K
}

Deoptimization events (10 events):
Event: 7.000 Thread 0x000000000266e800 Uncommon trap: reason=class_check action=maybe_recompile pc=0x000000000f480d38 method=java.util.Arrays.hashCode([Ljava/lang/Object;)I @ 43
Event: 7.001 Thread 0x000000000266e800 Uncommon trap: reason=class_check action=maybe_recompile pc=0x000000000f480d38 method=java.util.Arrays.hashCode([Ljava/lang/Object;)I @ 43
Event: 7.001 Thread 0x000000000266e800 Uncommon trap: reason=class_check action=maybe_recompile pc=0x000000000f469728 method=java.util.Arrays.hashCode([Ljava/lang/Object;)I @ 43
Event: 7.270 Thread 0x000000000266e800 Uncommon trap: reason=speculate_class_check action=maybe_recompile pc=0x000000000f3304b0 method=com.android.dx.util.FixedSizeList.equals(Ljava/lang/Object;)Z @ 25
Event: 7.270 Thread 0x000000000266e800 Uncommon trap: reason=class_check action=maybe_recompile pc=0x000000000f3434a8 method=java.util.Arrays.equals([Ljava/lang/Object;[Ljava/lang/Object;)Z @ 62
Event: 7.270 Thread 0x000000000266e800 Uncommon trap: reason=speculate_class_check action=maybe_recompile pc=0x000000000f3304b0 method=com.android.dx.util.FixedSizeList.equals(Ljava/lang/Object;)Z @ 25
Event: 7.270 Thread 0x000000000266e800 Uncommon trap: reason=unstable_if action=reinterpret pc=0x000000000f3434e0 method=java.util.Arrays.equals([Ljava/lang/Object;[Ljava/lang/Object;)Z @ 23
Event: 7.287 Thread 0x000000000266e800 Uncommon trap: reason=speculate_class_check action=maybe_recompile pc=0x000000000f3304b0 method=com.android.dx.util.FixedSizeList.equals(Ljava/lang/Object;)Z @ 25
Event: 7.287 Thread 0x000000000266e800 Uncommon trap: reason=speculate_class_check action=maybe_recompile pc=0x000000000f3304b0 method=com.android.dx.util.FixedSizeList.equals(Ljava/lang/Object;)Z @ 25
Event: 7.328 Thread 0x000000000266e800 Uncommon trap: reason=unstable_if action=reinterpret pc=0x000000000f67f3d0 method=java.util.TreeMap.put(Ljava/lang/Object;Ljava/lang/Object;)Ljava/lang/Object; @ 163

Internal exceptions (7 events):
Event: 0.034 Thread 0x000000000266e800 Exception <a 'java/lang/NoSuchMethodError': Method sun.misc.Unsafe.defineClass(Ljava/lang/String;[BII)Ljava/lang/Class; name or signature does not match> (0x00000000eab07cc0) thrown at [D:\re\workspace\8-2-build-windows-amd64-cygwin\jdk8u92\6642\hotspot\srÍö€ˆŽw¡?
Event: 0.034 Thread 0x000000000266e800 Exception <a 'java/lang/NoSuchMethodError': Method sun.misc.Unsafe.prefetchRead(Ljava/lang/Object;J)V name or signature does not match> (0x00000000eab07fa8) thrown at [D:\re\workspace\8-2-build-windows-amd64-cygwin\jdk8u92\6642\hotspot\src\share\vm\prims\jüùðõi
@
Event: 3.302 Thread 0x0000000007887800 Implicit null exception at 0x000000000f4d6312 to 0x000000000f4d640a
Event: 3.621 Thread 0x00000000078b6800 Implicit null exception at 0x000000000f2f1084 to 0x000000000f2f26d5
Event: 6.819 Thread 0x00000000078b1000 Implicit null exception at 0x000000000f72f6dd to 0x000000000f731645
Event: 6.820 Thread 0x00000000078b1000 Implicit null exception at 0x000000000f585996 to 0x000000000f5872bd
Event: 6.820 Thread 0x00000000078b1000 Implicit null exception at 0x000000000f6e99fa to 0x000000000f6ebbc5

Events (10 events):
Event: 7.339 Thread 0x000000000266e800 DEOPT PACKING pc=0x000000000f84320a sp=0x000000000294ea50
Event: 7.339 Thread 0x000000000266e800 DEOPT UNPACKING pc=0x000000000f05787f sp=0x000000000294e858 mode 0
Event: 7.360 loading class com/android/dx/dex/file/DebugInfoEncoder
Event: 7.360 loading class com/android/dx/dex/file/DebugInfoEncoder done
Event: 7.362 loading class com/android/dx/dex/file/DebugInfoEncoder$1
Event: 7.362 loading class com/android/dx/dex/file/DebugInfoEncoder$1 done
Event: 7.362 loading class com/android/dx/dex/file/DebugInfoEncoder$2
Event: 7.362 loading class com/android/dx/dex/file/DebugInfoEncoder$2 done
Event: 7.395 loading class com/android/dex/EncodedValueCodec
Event: 7.395 loading class com/android/dex/EncodedValueCodec done


Dynamic libraries:
0x000000013f680000 - 0x000000013f6b7000 	C:\Program Files\Java\jdk1.8.0_92\bin\java.exe
0x0000000076cd0000 - 0x0000000076e7a000 	C:\Windows\SYSTEM32\ntdll.dll
0x0000000076bb0000 - 0x0000000076ccf000 	C:\Windows\system32\kernel32.dll
0x000007fefcdc0000 - 0x000007fefce2b000 	C:\Windows\system32\KERNELBASE.dll
0x000007fefce90000 - 0x000007fefcf6b000 	C:\Windows\system32\ADVAPI32.dll
0x000007fefe9b0000 - 0x000007fefea4f000 	C:\Windows\system32\msvcrt.dll
0x000007fefd470000 - 0x000007fefd48f000 	C:\Windows\SYSTEM32\sechost.dll
0x000007fefea50000 - 0x000007fefeb7d000 	C:\Windows\system32\RPCRT4.dll
0x0000000076970000 - 0x0000000076a6a000 	C:\Windows\system32\USER32.dll
0x000007fefef20000 - 0x000007fefef87000 	C:\Windows\system32\GDI32.dll
0x000007fefce80000 - 0x000007fefce8e000 	C:\Windows\system32\LPK.dll
0x000007fefed10000 - 0x000007fefedda000 	C:\Windows\system32\USP10.dll
0x000007fefb150000 - 0x000007fefb344000 	C:\Windows\WinSxS\amd64_microsoft.windows.common-controls_6595b64144ccf1df_6.0.7601.17514_none_fa396087175ac9ac\COMCTL32.dll
0x000007fefe380000 - 0x000007fefe3f1000 	C:\Windows\system32\SHLWAPI.dll
0x000007fefce50000 - 0x000007fefce7e000 	C:\Windows\system32\IMM32.DLL
0x000007fefd150000 - 0x000007fefd259000 	C:\Windows\system32\MSCTF.dll
0x000007fefc960000 - 0x000007fefc991000 	C:\Windows\system32\nvinitx.dll
0x000007fefc950000 - 0x000007fefc95c000 	C:\Windows\system32\VERSION.dll
0x000000000f000000 - 0x000000000f006000 	C:\Program Files\NVIDIA Corporation\CoProcManager\detoured.dll
0x000007fef9dc0000 - 0x000007fef9df1000 	C:\Program Files\NVIDIA Corporation\CoProcManager\nvd3d9wrapx.dll
0x000007fefcf70000 - 0x000007fefd147000 	C:\Windows\system32\SETUPAPI.dll
0x000007fefcc00000 - 0x000007fefcc36000 	C:\Windows\system32\CFGMGR32.dll
0x000007fefd300000 - 0x000007fefd3d8000 	C:\Windows\system32\OLEAUT32.dll
0x000007fefe400000 - 0x000007fefe603000 	C:\Windows\system32\ole32.dll
0x000007fefcc40000 - 0x000007fefcc5a000 	C:\Windows\system32\DEVOBJ.dll
0x000007fef9d90000 - 0x000007fef9db2000 	C:\Program Files\NVIDIA Corporation\CoProcManager\nvdxgiwrapx.dll
0x000000005be50000 - 0x000000005bf22000 	C:\Program Files\Java\jdk1.8.0_92\jre\bin\msvcr100.dll
0x000000005b5b0000 - 0x000000005be46000 	C:\Program Files\Java\jdk1.8.0_92\jre\bin\server\jvm.dll
0x000007fef7d90000 - 0x000007fef7d99000 	C:\Windows\system32\WSOCK32.dll
0x000007fefef90000 - 0x000007fefefdd000 	C:\Windows\system32\WS2_32.dll
0x000007fefef10000 - 0x000007fefef18000 	C:\Windows\system32\NSI.dll
0x0000000000330000 - 0x000000000036b000 	C:\Windows\system32\WINMM.dll
0x0000000076ea0000 - 0x0000000076ea7000 	C:\Windows\system32\PSAPI.DLL
0x000000005c220000 - 0x000000005c22f000 	C:\Program Files\Java\jdk1.8.0_92\jre\bin\verify.dll
0x000000005c1f0000 - 0x000000005c219000 	C:\Program Files\Java\jdk1.8.0_92\jre\bin\java.dll
0x000000005c1d0000 - 0x000000005c1e6000 	C:\Program Files\Java\jdk1.8.0_92\jre\bin\zip.dll
0x000007fefd490000 - 0x000007fefe219000 	C:\Windows\system32\SHELL32.dll
0x000007fefc9a0000 - 0x000007fefc9af000 	C:\Windows\system32\profapi.dll

VM Arguments:
jvm_args: -Djava.awt.headless=true -Xmx1024M -Dfile.encoding=GBK -Duser.country=CN -Duser.language=zh -Duser.variant 
java_command: com.android.dx.command.Main --dex --force-jumbo --num-threads=4 --output F:\lxl\AndroidStudioProjects\HelloWorld\app\build\intermediates\pre-dexed\debug\com.android.support-design-23.4.0_45e36eca689d7de417649afd2ae692c14e54ef80.jar F:\lxl\AndroidStudioProjects\HelloWorld\app\build\intermediates\exploded-aar\com.android.support\design\23.4.0\jars\classes.jar
java_class_path (initial): E:\soft_IDE\adt-bundle-windows-x86_64-20131030\sdk\build-tools\23.0.3\lib\dx.jar
Launcher Type: SUN_STANDARD

Environment Variables:
JAVA_HOME=E:\Program Files\Java\jdk1.6.0_27
CLASSPATH=.;E:\Program Files\Java\jdk1.6.0_27\lib\dt.jar;E:\Program Files\Java\jdk1.6.0_27\lib\tools.jar;E:\Program Files\Java\jdk1.6.0_27\lib\ext\jfxrt.jar;
PATH=E:\soft_IDE\apache-maven-3.2.5\bin;E:\Program Files\MongoDB 2.6 Standard\bin;E:\Program Files\Java\jdk1.6.0_27\bin;C:\mingw-w64\x86_64-4.9.2-win32-seh-rt_v3-rev0\mingw64\bin;E:\Program Files (x86)\ffmpeg-20140708-git-14e2406-win64-static\bin;E:\soft_IDE\adt-bundle-windows-x86_64-20131030\sdk\platform-tools;C:\Windows\system32;C:\Windows;C:\Windows\System32\Wbem;C:\Windows\System32\WindowsPowerShell\v1.0\;C:\ProgramData\Oracle\Java\javapath;E:\soft_IDE\nodejs\;C:\Program Files (x86)\Microsoft Visual Studio\Common\Tools\WinNT;C:\Program Files (x86)\Microsoft Visual Studio\Common\MSDev98\Bin;C:\Program Files (x86)\Microsoft Visual Studio\Common\Tools;C:\Program Files (x86)\Microsoft Visual Studio\VC98\bin;C:\Program Files (x86)\SSH Communications Security\SSH Secure Shell;C:\Users\lxl\AppData\Roaming\npm
USERNAME=lxl
OS=Windows_NT
PROCESSOR_IDENTIFIER=Intel64 Family 6 Model 60 Stepping 3, GenuineIntel



---------------  S Y S T E M  ---------------

OS: Windows 7 , 64 bit Build 7601 (6.1.7601.19160)

CPU:total 4 (2 cores per cpu, 2 threads per core) family 6 model 60 stepping 3, cmov, cx8, fxsr, mmx, sse, sse2, sse3, ssse3, sse4.1, sse4.2, popcnt, avx, avx2, aes, clmul, erms, lzcnt, ht, tsc, tscinvbit, bmi1, bmi2

Memory: 4k page, physical 6703472k(2867620k free), swap 6701636k(50792k free)

vm_info: Java HotSpot(TM) 64-Bit Server VM (25.92-b14) for windows-amd64 JRE (1.8.0_92-b14), built on Mar 31 2016 21:03:04 by "java_re" with MS VC++ 10.0 (VS2010)

time: Wed Jun 08 09:41:25 2016
elapsed time: 7 seconds (0d 0h 0m 7s)

